0 -8
1 -26
2 -31
3 -21
4 -27
5 8
6 -24
7 -25
8 -24
9 -22
10 -24
11 -24
12 8
13 14
14 -25
15 -23
16 -22
17 -25
18 -23
19 -23
20 -22
21 8
22 8
23 8
24 -24
25 -25
26 -22
27 -24
28 -24
29 8
30 8
31 -24
32 -23
33 8
34 8
35 8
36 -22
37 8
38 8
39 -26
40 -24
41 -24
42 8
43 8
44 8
45 11
46 8
47 7
48 7
49 -24
50 8
51 8
52 -24
53 -24
54 -27
55 8
56 -20
57 -22
58 -23
59 -22
60 -21
61 8
62 -24
63 -21
64 8
65 -25
66 -22
67 -20
68 8
69 -21
70 -23
71 -22
72 -24
73 8
74 -24
75 -20
76 -21
77 8
78 -26
79 -23
80 22
81 -24
82 -24
83 8
84 8
85 8
86 -25
87 -26
88 -20
89 -24
90 -21
91 -34
92 -25
93 -21
94 -22
95 -21
96 -22
97 -20
98 -21
99 -21
100 8
101 -23
102 8
103 -21
104 8
105 8
106 -20
107 -20
108 -21
109 -52
110 -25
111 8
112 8
113 8
114 -24
115 -22
116 8
117 7
118 -23
119 -23
120 8
121 8
122 -21
123 8
124 -26
125 -24
126 -54
127 -24
128 8
129 8
130 -48
131 -24
132 8
133 -23
134 -41
135 -23
136 -21
137 8
138 -24
139 -25
140 8
141 -25
142 -21
143 -24
144 8
145 -21
146 -24
147 -67
148 -21
149 8
150 8
151 -25
152 7
153 -22
154 8
155 -24
156 -25
157 8
158 -21
159 -25
160 7
161 -21
162 -21
163 -21
164 -21
165 -22
166 -44
167 -21
168 -25
169 -40
170 -24
171 -24
172 -21
173 -24
174 -25
175 -21
176 8
177 -24
178 -20
179 -22
180 -35
181 8
182 -23
183 -22
184 -24
185 -24
186 -25
187 8
188 8
189 -23
190 8
191 -21
192 7
193 7
194 -25
195 -24
196 -22
197 -22
198 -24
199 -24
200 8
201 -22
202 -25
203 -25
204 -24
205 -25
206 -24
207 -24
208 -24
209 8
210 -25
211 -23
212 -22
213 -24
214 -22
215 -24
216 -26
217 8
218 8
219 -24
220 -26
221 -26
222 -24
223 8
224 8
225 9
226 -24
227 -24
228 8
229 -24
230 -25
231 8
232 8
233 -25
234 8
235 -21
236 -25
237 8
238 -24
239 -22
240 -37
241 8
242 8
243 -23
244 -22
245 -23
246 -24
247 7
248 -25
249 -25
250 -23
251 8
252 8
253 -26
254 8
255 8
